#
# A fatal error has been detected by the Java Runtime Environment:
#
#  EXCEPTION_ACCESS_VIOLATION (0xc0000005) at pc=0x000007feeebc5f82, pid=4212, tid=0x0000000000001db8
#
# JRE version: Java(TM) SE Runtime Environment (8.0_131-b11) (build 1.8.0_131-b11)
# Java VM: Java HotSpot(TM) 64-Bit Server VM (25.131-b11 mixed mode windows-amd64 compressed oops)
# Problematic frame:
# C  [CmdExec1.dll+0x5f82]
#
# Failed to write core dump. Minidumps are not enabled by default on client versions of Windows
#
# If you would like to submit a bug report, please visit:
#   http://bugreport.java.com/bugreport/crash.jsp
# The crash happened outside the Java Virtual Machine in native code.
# See problematic frame for where to report the bug.
#

---------------  T H R E A D  ---------------

Current thread (0x000000000023f000):  JavaThread "main" [_thread_in_native, id=7608, stack(0x0000000002170000,0x0000000002270000)]

siginfo: ExceptionCode=0xc0000005, writing address 0x000007feeebcf310

Registers:
RAX=0x4a30424e5a483353, RBX=0x0000000016bc05f0, RCX=0x000007feee861840, RDX=0x000000000036dad0
RSP=0x000000000226f348, RBP=0x000000000226f4b8, RSI=0x0000000040000020, RDI=0x000000000227835d
R8 =0x000000000036dae5, R9 =0x8101010101010100, R10=0x7ce0fcfcfcf0fefe, R11=0x000007feeebcf310
R12=0x0000000000000000, R13=0x0000000016bc05f0, R14=0x000000000226f4d0, R15=0x000000000023f000
RIP=0x000007feeebc5f82, EFLAGS=0x0000000000010246

Top of Stack: (sp=0x000000000226f348)
0x000000000226f348:   000007feeebc1421 000000000226f3d8
0x000000000226f358:   0000000000325ab8 000000000227835d
0x000000000226f368:   0000000040000020 0000000000000000
0x000000000226f378:   0000000000000000 0000000000000000
0x000000000226f388:   0000000000000000 000000000226f3b0
0x000000000226f398:   000000000023f000 0000000000000000
0x000000000226f3a8:   0000000011d21390 0000000011d5d438
0x000000000226f3b8:   0000000011d5d538 0000000000000001
0x000000000226f3c8:   0000000011d5d5a0 0000000000000000
0x000000000226f3d8:   000000000036da90 000007feeebcf310
0x000000000226f3e8:   0000000000000000 000007fef28183a0
0x000000000226f3f8:   0000000000000000 0000000000328e68
0x000000000226f408:   000007fef2939850 0000000000000000
0x000000000226f418:   0000000000000000 0000000002260008
0x000000000226f428:   0000000000325ab8 0000000016bc05f0
0x000000000226f438:   0000000040000020 000000000227835d 

Instructions: (pc=0x000007feeebc5f82)
0x000007feeebc5f62:   d9 48 2b ca f6 c2 07 74 1f 8a 02 88 04 11 84 c0
0x000007feeebc5f72:   74 0a 48 ff c2 f6 c2 07 75 ef eb 0c 49 8b c3 c3
0x000007feeebc5f82:   48 89 04 11 48 83 c2 08 48 8b 02 49 b9 ff fe fe
0x000007feeebc5f92:   fe fe fe fe 7e 4c 03 c8 4c 8b d0 49 83 f2 ff 4d 


Register to memory mapping:

RAX=0x4a30424e5a483353 is an unknown value
RBX={method} {0x0000000016bc05f8} 'getDiskId' '()Ljava/lang/String;' in 'softwareInstaller/CmdExec'
RCX=0x000007feee861840 is an unknown value
RDX=0x000000000036dad0 is an unknown value
RSP=0x000000000226f348 is pointing into the stack for thread: 0x000000000023f000
RBP=0x000000000226f4b8 is pointing into the stack for thread: 0x000000000023f000
RSI=0x0000000040000020 is an unknown value
RDI=0x000000000227835d is at code_begin+2301 in an Interpreter codelet
invoke return entry points  [0x0000000002277a60, 0x0000000002278440]  2528 bytes
R8 =0x000000000036dae5 is an unknown value
R9 =0x8101010101010100 is an unknown value
R10=0x7ce0fcfcfcf0fefe is an unknown value
R11=0x000007feeebcf310 is an unknown value
R12=0x0000000000000000 is an unknown value
R13={method} {0x0000000016bc05f8} 'getDiskId' '()Ljava/lang/String;' in 'softwareInstaller/CmdExec'
R14=0x000000000226f4d0 is pointing into the stack for thread: 0x000000000023f000
R15=0x000000000023f000 is a thread


Stack: [0x0000000002170000,0x0000000002270000],  sp=0x000000000226f348,  free space=1020k
Native frames: (J=compiled Java code, j=interpreted, Vv=VM code, C=native code)
C  [CmdExec1.dll+0x5f82]
C  [CmdExec1.dll+0x1421]
C  0x0000000002287f74

Java frames: (J=compiled Java code, j=interpreted, Vv=VM code)
j  softwareInstaller.CmdExec.getDiskId()Ljava/lang/String;+0
j  softwareInstaller.CmdExec.main([Ljava/lang/String;)V+29
v  ~StubRoutines::call_stub

---------------  P R O C E S S  ---------------

Java Threads: ( => current thread )
  0x00000000171bf800 JavaThread "Service Thread" daemon [_thread_blocked, id=8008, stack(0x0000000019110000,0x0000000019210000)]
  0x00000000171bd000 JavaThread "C1 CompilerThread2" daemon [_thread_blocked, id=6796, stack(0x00000000189a0000,0x0000000018aa0000)]
  0x000000001858b000 JavaThread "C2 CompilerThread1" daemon [_thread_blocked, id=5592, stack(0x0000000018ff0000,0x00000000190f0000)]
  0x0000000018573800 JavaThread "C2 CompilerThread0" daemon [_thread_blocked, id=6636, stack(0x0000000018d60000,0x0000000018e60000)]
  0x0000000018571000 JavaThread "Attach Listener" daemon [_thread_blocked, id=5680, stack(0x0000000018bf0000,0x0000000018cf0000)]
  0x00000000171b3800 JavaThread "Signal Dispatcher" daemon [_thread_blocked, id=5220, stack(0x0000000018aa0000,0x0000000018ba0000)]
  0x000000001719d000 JavaThread "Finalizer" daemon [_thread_blocked, id=3600, stack(0x0000000018150000,0x0000000018250000)]
  0x0000000017156000 JavaThread "Reference Handler" daemon [_thread_blocked, id=2356, stack(0x0000000018460000,0x0000000018560000)]
=>0x000000000023f000 JavaThread "main" [_thread_in_native, id=7608, stack(0x0000000002170000,0x0000000002270000)]

Other Threads:
  0x000000001714a000 VMThread [stack: 0x0000000018270000,0x0000000018370000] [id=7060]
  0x00000000185ba000 WatcherThread [stack: 0x0000000019230000,0x0000000019330000] [id=6212]

VM state:not at safepoint (normal execution)

VM Mutex/Monitor currently owned by a thread: None

Heap:
 PSYoungGen      total 38400K, used 1996K [0x00000000d5f80000, 0x00000000d8a00000, 0x0000000100000000)
  eden space 33280K, 6% used [0x00000000d5f80000,0x00000000d6173348,0x00000000d8000000)
  from space 5120K, 0% used [0x00000000d8500000,0x00000000d8500000,0x00000000d8a00000)
  to   space 5120K, 0% used [0x00000000d8000000,0x00000000d8000000,0x00000000d8500000)
 ParOldGen       total 87552K, used 0K [0x0000000081e00000, 0x0000000087380000, 0x00000000d5f80000)
  object space 87552K, 0% used [0x0000000081e00000,0x0000000081e00000,0x0000000087380000)
 Metaspace       used 2667K, capacity 4486K, committed 4864K, reserved 1056768K
  class space    used 288K, capacity 386K, committed 512K, reserved 1048576K

Card table byte_map: [0x0000000011630000,0x0000000011a30000] byte_map_base: 0x0000000011221000

Marking Bits: (ParMarkBitMap*) 0x00000000558fc720
 Begin Bits: [0x00000000124b0000, 0x0000000014438000)
 End Bits:   [0x0000000014438000, 0x00000000163c0000)

Polling page: 0x0000000000100000

CodeCache: size=245760Kb used=1107Kb max_used=1107Kb free=244652Kb
 bounds [0x0000000002270000, 0x00000000024e0000, 0x0000000011270000]
 total_blobs=260 nmethods=26 adapters=148
 compilation: enabled

Compilation events (10 events):
Event: 0.069 Thread 0x00000000171bd000   23  s    3       java.lang.StringBuffer::append (13 bytes)
Event: 0.069 Thread 0x00000000171bd000 nmethod 23 0x0000000002382450 code [0x0000000002382600, 0x0000000002382d18]
Event: 0.069 Thread 0x00000000171bd000   22       3       java.io.WinNTFileSystem::isSlash (18 bytes)
Event: 0.069 Thread 0x00000000171bd000 nmethod 22 0x00000000023830d0 code [0x0000000002383220, 0x0000000002383410]
Event: 0.069 Thread 0x00000000171bd000   24       3       java.lang.AbstractStringBuilder::append (50 bytes)
Event: 0.069 Thread 0x00000000171bd000 nmethod 24 0x0000000002383490 code [0x0000000002383660, 0x0000000002383db8]
Event: 0.072 Thread 0x00000000171bd000   25       3       java.lang.String::indexOf (7 bytes)
Event: 0.072 Thread 0x00000000171bd000 nmethod 25 0x00000000023848d0 code [0x0000000002384a40, 0x0000000002384c48]
Event: 0.072 Thread 0x00000000171bd000   26       3       java.lang.StringBuilder::append (8 bytes)
Event: 0.072 Thread 0x00000000171bd000 nmethod 26 0x0000000002384cd0 code [0x0000000002384e40, 0x0000000002384fc8]

GC Heap History (0 events):
No events

Deoptimization events (0 events):
No events

Internal exceptions (2 events):
Event: 0.028 Thread 0x000000000023f000 Exception <a 'java/lang/NoSuchMethodError': Method sun.misc.Unsafe.defineClass(Ljava/lang/String;[BII)Ljava/lang/Class; name or signature does not match> (0x00000000d5f87ca8) thrown at [C:\re\workspace\8-2-build-windows-amd64-cygwin\jdk8u131\8869\hotspot\
Event: 0.028 Thread 0x000000000023f000 Exception <a 'java/lang/NoSuchMethodError': Method sun.misc.Unsafe.prefetchRead(Ljava/lang/Object;J)V name or signature does not match> (0x00000000d5f87f90) thrown at [C:\re\workspace\8-2-build-windows-amd64-cygwin\jdk8u131\8869\hotspot\src\share\vm\prims

Events (10 events):
Event: 0.072 loading class java/security/BasicPermissionCollection
Event: 0.072 loading class java/security/BasicPermissionCollection done
Event: 0.072 loading class sun/launcher/LauncherHelper$FXHelper
Event: 0.072 loading class sun/launcher/LauncherHelper$FXHelper done
Event: 0.072 loading class java/lang/Class$MethodArray
Event: 0.072 loading class java/lang/Class$MethodArray done
Event: 0.072 loading class java/io/IOException
Event: 0.072 loading class java/io/IOException done
Event: 0.073 loading class java/lang/Void
Event: 0.073 loading class java/lang/Void done


Dynamic libraries:
0x000000013fac0000 - 0x000000013faf7000 	C:\Program Files\Java\jdk1.8.0_131\bin\javaw.exe
0x0000000077ad0000 - 0x0000000077c7a000 	C:\Windows\SYSTEM32\ntdll.dll
0x00000000779b0000 - 0x0000000077acf000 	C:\Windows\system32\kernel32.dll
0x000007fefd8f0000 - 0x000007fefd95a000 	C:\Windows\system32\KERNELBASE.dll
0x000007feff590000 - 0x000007feff66b000 	C:\Windows\system32\ADVAPI32.dll
0x000007fefedb0000 - 0x000007fefee4f000 	C:\Windows\system32\msvcrt.dll
0x000007fefdf60000 - 0x000007fefdf7f000 	C:\Windows\SYSTEM32\sechost.dll
0x000007feff890000 - 0x000007feff9bd000 	C:\Windows\system32\RPCRT4.dll
0x00000000778b0000 - 0x00000000779aa000 	C:\Windows\system32\USER32.dll
0x000007fefdf80000 - 0x000007fefdfe7000 	C:\Windows\system32\GDI32.dll
0x000007feff4b0000 - 0x000007feff4be000 	C:\Windows\system32\LPK.dll
0x000007feff4c0000 - 0x000007feff58b000 	C:\Windows\system32\USP10.dll
0x000007fefc1a0000 - 0x000007fefc394000 	C:\Windows\WinSxS\amd64_microsoft.windows.common-controls_6595b64144ccf1df_6.0.7601.18837_none_fa3b1e3d17594757\COMCTL32.dll
0x000007fefef40000 - 0x000007fefefb1000 	C:\Windows\system32\SHLWAPI.dll
0x000007fefed80000 - 0x000007fefedae000 	C:\Windows\system32\IMM32.DLL
0x000007fefde50000 - 0x000007fefdf59000 	C:\Windows\system32\MSCTF.dll
0x0000000054f20000 - 0x0000000054ff2000 	C:\Program Files\Java\jdk1.8.0_131\jre\bin\msvcr100.dll
0x00000000550e0000 - 0x000000005597c000 	C:\Program Files\Java\jdk1.8.0_131\jre\bin\server\jvm.dll
0x000007fefb550000 - 0x000007fefb559000 	C:\Windows\system32\WSOCK32.dll
0x000007fefee50000 - 0x000007fefee9d000 	C:\Windows\system32\WS2_32.dll
0x000007feffdd0000 - 0x000007feffdd8000 	C:\Windows\system32\NSI.dll
0x000007fefa5d0000 - 0x000007fefa60b000 	C:\Windows\system32\WINMM.dll
0x000007fefc890000 - 0x000007fefc89c000 	C:\Windows\system32\VERSION.dll
0x0000000077c90000 - 0x0000000077c97000 	C:\Windows\system32\PSAPI.DLL
0x000000006af40000 - 0x000000006af4f000 	C:\Program Files\Java\jdk1.8.0_131\jre\bin\verify.dll
0x000000006af10000 - 0x000000006af39000 	C:\Program Files\Java\jdk1.8.0_131\jre\bin\java.dll
0x000000005d7d0000 - 0x000000005d7e6000 	C:\Program Files\Java\jdk1.8.0_131\jre\bin\zip.dll
0x000007fefdff0000 - 0x000007fefed7b000 	C:\Windows\system32\SHELL32.dll
0x000007feff670000 - 0x000007feff86c000 	C:\Windows\system32\ole32.dll
0x000007fefd7c0000 - 0x000007fefd7cf000 	C:\Windows\system32\profapi.dll
0x000007feeebc0000 - 0x000007feeebde000 	E:\cloudworkspace\zzc\softwareInstaller\library\CmdExec1.dll
0x000007feff9c0000 - 0x000007feffa9a000 	C:\Windows\system32\OLEAUT32.dll
0x000007fef8a50000 - 0x000007fef8a53000 	C:\Windows\system32\api-ms-win-core-synch-l1-2-0.DLL
0x000007fefd660000 - 0x000007fefd66f000 	C:\Windows\system32\CRYPTBASE.dll
0x000007fefeea0000 - 0x000007fefef39000 	C:\Windows\system32\CLBCatQ.DLL
0x000007fef2810000 - 0x000007fef281f000 	C:\Windows\system32\wbem\wbemprox.dll
0x000007fef29c0000 - 0x000007fef2a46000 	C:\Windows\system32\wbemcomn.dll
0x000007fefd190000 - 0x000007fefd1a8000 	C:\Windows\system32\CRYPTSP.dll
0x000007fefcca0000 - 0x000007fefcce7000 	C:\Windows\system32\rsaenh.dll
0x000007fefd710000 - 0x000007fefd724000 	C:\Windows\system32\RpcRtRemote.dll
0x000007fef2640000 - 0x000007fef2654000 	C:\Windows\system32\wbem\wbemsvc.dll
0x000007fef2890000 - 0x000007fef2972000 	C:\Windows\system32\wbem\fastprox.dll
0x000007fef2860000 - 0x000007fef2887000 	C:\Windows\system32\NTDSAPI.dll
0x000007feecec0000 - 0x000007feecfe5000 	C:\Windows\system32\dbghelp.dll

VM Arguments:
jvm_args: -Dfile.encoding=UTF-8 
java_command: softwareInstaller.CmdExec
java_class_path (initial): E:\cloudworkspace\zzc\softwareInstaller\bin
Launcher Type: SUN_STANDARD

Environment Variables:
JAVA_HOME=C:\Program Files\Java\jdk1.8.0_131
CLASSPATH=.;C:\Program Files\Java\jdk1.8.0_131\lib\dt.jar;C:\Program Files\Java\jdk1.8.0_131\lib\tools.jar;
PATH=C:/Program Files/Java/jdk1.8.0_131/bin/../jre/bin/server;C:/Program Files/Java/jdk1.8.0_131/bin/../jre/bin;C:/Program Files/Java/jdk1.8.0_131/bin/../jre/lib/amd64;C:\Program Files\Java\jdk1.8.0_131\bin;C:\Program Files\Java\jdk1.8.0_131\jre\bin;C:\ProgramData\Oracle\Java\javapath;C:\Windows\system32;C:\Windows;C:\Windows\System32\Wbem;C:\Windows\System32\WindowsPowerShell\v1.0\;c:\start\;C:\Program Files\Git\cmd;D:\Program Files\TortoiseSVN\bin;D:\program files\java-oxygen\eclipse;
USERNAME=Administrator
OS=Windows_NT
PROCESSOR_IDENTIFIER=Intel64 Family 6 Model 158 Stepping 9, GenuineIntel



---------------  S Y S T E M  ---------------

OS: Windows 7 , 64 bit Build 7601 (6.1.7601.23807)

CPU:total 4 (initial active 4) (4 cores per cpu, 1 threads per core) family 6 model 158 stepping 9, cmov, cx8, fxsr, mmx, sse, sse2, sse3, ssse3, sse4.1, sse4.2, popcnt, avx, avx2, aes, clmul, erms, rtm, 3dnowpref, lzcnt, tsc, tscinvbit, bmi1, bmi2, adx

Memory: 4k page, physical 8264992k(4047904k free), swap 16529984k(10088404k free)

vm_info: Java HotSpot(TM) 64-Bit Server VM (25.131-b11) for windows-amd64 JRE (1.8.0_131-b11), built on Mar 15 2017 01:23:53 by "java_re" with MS VC++ 10.0 (VS2010)

time: Wed Jul 19 15:31:13 2017
elapsed time: 0 seconds (0d 0h 0m 0s)

